<?xml version="1.0" encoding="UTF-8"?><testsuite errors="1" failures="0" name="Reservar diária hotel 5 estrelas São Paulo" skipped="0" tests="1" time="58.3" timestamp="2018-02-40 09:52:21"><testcase name="Reservar diária hotel 5 estrelas São Paulo"><error message="Error event mouse over: [[RemoteWebDriver: chrome on XP (e5de643850f190dd450ff3bfe16f4755)] -&gt; xpath: //*[@id='ui-datepicker-div']/table/tbody/tr/td/a]" type="io.openbdt.exception.WebElementException">Error event mouse over: [[RemoteWebDriver: chrome on XP (e5de643850f190dd450ff3bfe16f4755)] -&gt; xpath: //*[@id='ui-datepicker-div']/table/tbody/tr/td/a]</error><system-err>Error event mouse over: [[RemoteWebDriver: chrome on XP (e5de643850f190dd450ff3bfe16f4755)] -&gt; xpath: //*[@id='ui-datepicker-div']/table/tbody/tr/td/a]&#13;
io.openbdt.element.WebBrowserScreenElement.mouseOver(WebBrowserScreenElement.java:543)&#13;
br.com.rsi.praticar.exemplosParaPraticarAutomacao.steps.business.StepBusinessHotelUrbano.selecionarDataEntrada(StepBusinessHotelUrbano.java:177)&#13;
br.com.rsi.praticar.exemplosParaPraticarAutomacao.steps.definition.StepDefinitionHotelUrbano.seleciono_data_de_entrada(StepDefinitionHotelUrbano.java:111)&#13;
io.openbdt.run.SuiteTestRunner.runWithJunit(SuiteTestRunner.java:21)&#13;
br.com.rsi.praticar.exemplosParaPraticarAutomacao.runner.RunnerTest.test(RunnerTest.java:33)&#13;
org.springframework.test.context.junit4.statements.RunBeforeTestMethodCallbacks.evaluate(RunBeforeTestMethodCallbacks.java:75)&#13;
org.springframework.test.context.junit4.statements.RunAfterTestMethodCallbacks.evaluate(RunAfterTestMethodCallbacks.java:86)&#13;
org.springframework.test.context.junit4.statements.SpringRepeat.evaluate(SpringRepeat.java:84)&#13;
org.springframework.test.context.junit4.SpringJUnit4ClassRunner.runChild(SpringJUnit4ClassRunner.java:254)&#13;
org.springframework.test.context.junit4.SpringJUnit4ClassRunner.runChild(SpringJUnit4ClassRunner.java:89)&#13;
org.springframework.test.context.junit4.statements.RunBeforeTestClassCallbacks.evaluate(RunBeforeTestClassCallbacks.java:61)&#13;
org.springframework.test.context.junit4.statements.RunAfterTestClassCallbacks.evaluate(RunAfterTestClassCallbacks.java:70)&#13;
org.springframework.test.context.junit4.SpringJUnit4ClassRunner.run(SpringJUnit4ClassRunner.java:193)&#13;
org.eclipse.jdt.internal.junit4.runner.JUnit4TestReference.run(JUnit4TestReference.java:86)&#13;
org.eclipse.jdt.internal.junit.runner.TestExecution.run(TestExecution.java:38)&#13;
org.eclipse.jdt.internal.junit.runner.RemoteTestRunner.runTests(RemoteTestRunner.java:538)&#13;
org.eclipse.jdt.internal.junit.runner.RemoteTestRunner.runTests(RemoteTestRunner.java:760)&#13;
org.eclipse.jdt.internal.junit.runner.RemoteTestRunner.run(RemoteTestRunner.java:460)&#13;
org.eclipse.jdt.internal.junit.runner.RemoteTestRunner.main(RemoteTestRunner.java:206)&#13;
</system-err></testcase></testsuite>